android/app/build/intermediates/manifest_merge_blame_file/release/manifest-merger-blame-release-report.txt
1<?xml version="1.0" encoding="utf-8"?>
2<manifest xmlns:android="http://schemas.android.com/apk/res/android"
3    package="com.receiptgenerator"
4    android:versionCode="1"
5    android:versionName="1.0" >
6
7    <uses-sdk
8        android:minSdkVersion="21"
8-->src/main/AndroidManifest.xml
9        android:targetSdkVersion="30" />
9-->src/main/AndroidManifest.xml
10
11    <uses-permission android:name="android.permission.INTERNET" />
11-->src/main/AndroidManifest.xml:4:5-67
11-->src/main/AndroidManifest.xml:4:22-64
12
13    <application
13-->src/main/AndroidManifest.xml:6:5-34:19
14        android:name="com.receiptgenerator.MainApplication"
14-->src/main/AndroidManifest.xml:7:7-38
15        android:allowBackup="false"
15-->src/main/AndroidManifest.xml:11:7-34
16        android:appComponentFactory="androidx.core.app.CoreComponentFactory"
16-->[androidx.core:core:1.1.0] AndroidManifest.xml:24:18-86
17        android:icon="@mipmap/ic_launcher"
17-->src/main/AndroidManifest.xml:9:7-41
18        android:label="@string/app_name"
18-->src/main/AndroidManifest.xml:8:7-39
19        android:roundIcon="@mipmap/ic_launcher_round"
19-->src/main/AndroidManifest.xml:10:7-52
20        android:theme="@style/AppTheme" >
20-->src/main/AndroidManifest.xml:12:7-38
21
22        <!-- Add this SplashActivity -->
23        <activity
23-->src/main/AndroidManifest.xml:15:9-23:20
24            android:name="com.receiptgenerator.SplashActivity"
24-->src/main/AndroidManifest.xml:16:11-41
25            android:label="@string/app_name"
25-->src/main/AndroidManifest.xml:18:11-43
26            android:theme="@style/SplashTheme" >
26-->src/main/AndroidManifest.xml:17:11-45
27            <intent-filter>
27-->src/main/AndroidManifest.xml:19:11-22:27
28                <action android:name="android.intent.action.MAIN" />
28-->src/main/AndroidManifest.xml:20:15-67
28-->src/main/AndroidManifest.xml:20:23-64
29
30                <category android:name="android.intent.category.LAUNCHER" />
30-->src/main/AndroidManifest.xml:21:15-75
30-->src/main/AndroidManifest.xml:21:25-72
31            </intent-filter>
32        </activity>
33
34        <!-- Remove the intent-filter of the MainActivity and add a param android:exported="true" -->
35        <activity
35-->src/main/AndroidManifest.xml:26:9-31:36
36            android:name="com.receiptgenerator.MainActivity"
36-->src/main/AndroidManifest.xml:27:11-39
37            android:configChanges="keyboard|keyboardHidden|orientation|screenSize"
37-->src/main/AndroidManifest.xml:29:11-81
38            android:exported="true"
38-->src/main/AndroidManifest.xml:31:11-34
39            android:label="@string/app_name"
39-->src/main/AndroidManifest.xml:28:11-43
40            android:windowSoftInputMode="adjustResize" />
40-->src/main/AndroidManifest.xml:30:11-53
41        <activity android:name="com.facebook.react.devsupport.DevSettingsActivity" />
41-->src/main/AndroidManifest.xml:33:7-84
41-->src/main/AndroidManifest.xml:33:17-81
42    </application>
43
44</manifest>